<?xml version="1.0" encoding="UTF-8"?>
<!-- Generated by org.testng.reporters.JUnitReportReporter -->
<testsuite hostname="vetsodi10014387" failures="0" tests="2" name="Utility.Report" time="129.382" errors="0" timestamp="18 Feb 2025 07:06:31 GMT" skipped="0">
  <testcase classname="Utility.Report" name="Launch_Browser" time="94.937"/>
  <testcase classname="Utility.Report" name="team_activity_analytics_report" time="34.445"/>
</testsuite> <!-- Utility.Report -->
